<?xml version="1.0" encoding="UTF-8"?>
<!-- Generated by org.testng.reporters.JUnitXMLReporter -->
<testsuite ignored="0" hostname="hari" failures="0" tests="3" name="Default test" time="1.668" errors="0" timestamp="2024-02-29T10:21:54 IST">
  <testcase classname="Stepdeifinition.ManageStepdefinition" name="loginTest" time="0.023"/>
  <testcase classname="Stepdeifinition.ManageStepdefinition" name="loginTest" time="0.037"/>
  <testcase classname="Stepdeifinition.ManageStepdefinition" name="loginTest" time="0.004"/>
</testsuite> <!-- Default test -->
