<?xml version="1.0" encoding="UTF-8"?>
<testng-results ignored="0" total="3" passed="3" failed="0" skipped="0">
  <reporter-output>
  </reporter-output>
  <suite started-at="2024-02-29T10:21:52 IST" name="Default suite" finished-at="2024-02-29T10:21:54 IST" duration-ms="1668">
    <groups>
    </groups>
    <test started-at="2024-02-29T10:21:52 IST" name="Default test" finished-at="2024-02-29T10:21:54 IST" duration-ms="1668">
      <class name="Stepdeifinition.ManageStepdefinition">
        <test-method signature="loginTest(java.lang.String,java.lang.String)[pri:0, instance:Stepdeifinition.ManageStepdefinition@2bef51f2]" started-at="2024-02-29T10:21:54 IST" name="loginTest" data-provider="loginData" finished-at="2024-02-29T10:21:54 IST" duration-ms="23" status="PASS">
          <params>
            <param index="0">
              <value>
                <![CDATA[admin]]>
              </value>
            </param>
            <param index="1">
              <value>
                <![CDATA[Admin123]]>
              </value>
            </param>
          </params>
          <reporter-output>
          </reporter-output>
        </test-method> <!-- loginTest -->
        <test-method signature="loginTest(java.lang.String,java.lang.String)[pri:0, instance:Stepdeifinition.ManageStepdefinition@2bef51f2]" started-at="2024-02-29T10:21:54 IST" name="loginTest" data-provider="loginData" finished-at="2024-02-29T10:21:54 IST" duration-ms="37" status="PASS">
          <params>
            <param index="0">
              <value>
                <![CDATA[admin]]>
              </value>
            </param>
            <param index="1">
              <value>
                <![CDATA[Admin123]]>
              </value>
            </param>
          </params>
          <reporter-output>
          </reporter-output>
        </test-method> <!-- loginTest -->
        <test-method signature="loginTest(java.lang.String,java.lang.String)[pri:0, instance:Stepdeifinition.ManageStepdefinition@2bef51f2]" started-at="2024-02-29T10:21:54 IST" name="loginTest" data-provider="loginData" finished-at="2024-02-29T10:21:54 IST" duration-ms="4" status="PASS">
          <params>
            <param index="0">
              <value>
                <![CDATA[john]]>
              </value>
            </param>
            <param index="1">
              <value>
                <![CDATA[John123]]>
              </value>
            </param>
          </params>
          <reporter-output>
          </reporter-output>
        </test-method> <!-- loginTest -->
      </class> <!-- Stepdeifinition.ManageStepdefinition -->
    </test> <!-- Default test -->
  </suite> <!-- Default suite -->
</testng-results>
